
======================================================================
MEDICI ROLLING BACKTEST
  Period: 2025-03-10 → 2026-03-30
  Capo: Lorenzo
  Cash: $1000.00
  Skip first weekend: True
======================================================================

  266 total trading days


  ######################################################################
  WEEK 1: watchlist from 2025-03-07, trading 2025-03-10 → 2025-03-14
  ######################################################################
  Using existing watchlist: 58 tickers

  DAY 1 (2025-03-10)

  ============================================================
  DAILY PIPELINE — 2025-03-10
  ============================================================
    Watchlist: 58 tickers from 2025-03-07
    [0] Anomaly scan...
        40 anomalies found, evaluating top 5
        SHW: skipped (0/5 yes)
        SPG: skipped (0/5 yes)
        SWKS: skipped (0/5 yes)
        SJM: skipped (0/5 yes)
        SW: skipped (0/5 yes)
        Today's universe: 58 tickers (0 injected)
        (69s)
    [0.5] Giovanni macro update...
          Regime: risk-off — SPY is trading significantly below its 50-day SMA, indicating a structural downt
          (4s)
    [1] Computing indicators...
        CMI: 23 indicators (0s)
        NFLX: 23 indicators (0s)
        NTAP: 23 indicators (0s)
        NWSA: 23 indicators (0s)
        STZ: 23 indicators (0s)
        ACGL: 23 indicators (0s)
        ADP: 23 indicators (0s)
        ADSK: 23 indicators (0s)
        AIG: 23 indicators (0s)
        AMCR: 23 indicators (0s)
        AMT: 23 indicators (0s)
        APTV: 23 indicators (0s)
        ATO: 23 indicators (0s)
        AVGO: 23 indicators (0s)
        AXP: 23 indicators (0s)
        AZO: 23 indicators (0s)
        BR: 23 indicators (0s)
        BRK-B: 23 indicators (0s)
        CARR: 23 indicators (0s)
        COST: 23 indicators (0s)
        CPB: 23 indicators (0s)
        CRH: 23 indicators (0s)
        CTRA: 23 indicators (0s)
        DELL: 23 indicators (0s)
        DHR: 23 indicators (0s)
        ED: 23 indicators (0s)
        EIX: 23 indicators (0s)
        ETN: 23 indicators (0s)
        EW: 23 indicators (0s)
        FANG: 23 indicators (0s)
        FIX: 23 indicators (0s)
        GWW: 23 indicators (0s)
        LUV: 23 indicators (0s)
        MCK: 23 indicators (0s)
        NDAQ: 23 indicators (0s)
        NEE: 23 indicators (0s)
        NEM: 23 indicators (0s)
        NKE: 23 indicators (0s)
        NWS: 23 indicators (0s)
        PEG: 23 indicators (0s)
        PG: 23 indicators (0s)
        PGR: 23 indicators (0s)
        PLD: 23 indicators (0s)
        PRU: 23 indicators (0s)
        PTC: 23 indicators (0s)
        SATS: 23 indicators (0s)
        T: 23 indicators (0s)
        TROW: 23 indicators (0s)
        TSN: 23 indicators (0s)
        TXT: 23 indicators (0s)
        TYL: 23 indicators (0s)
        UBER: 23 indicators (0s)
        USB: 23 indicators (0s)
        VMC: 23 indicators (0s)
        VST: 23 indicators (0s)
        WAT: 23 indicators (0s)
        WEC: 23 indicators (0s)
        WM: 23 indicators (0s)
    [2] Voting...
        CMI   : BUY=0 PASS=6
        NFLX  : BUY=1 PASS=5
        NTAP  : BUY=1 PASS=5
        NWSA  : BUY=1 PASS=5
        STZ   : BUY=1 PASS=5
        ACGL  : BUY=1 PASS=5
        ADP   : BUY=0 PASS=6
        ADSK  : BUY=1 PASS=5
        AIG   : BUY=1 PASS=5
        AMCR  : BUY=1 PASS=5
        AMT   : BUY=1 PASS=5
        APTV  : BUY=0 PASS=6
        ATO   : BUY=0 PASS=6
        AVGO  : BUY=1 PASS=5
        AXP   : BUY=1 PASS=5
        AZO   : BUY=0 PASS=6
        BR    : BUY=1 PASS=5
        BRK-B : BUY=0 PASS=6
        CARR  : BUY=1 PASS=5
        COST  : BUY=1 PASS=5
        CPB   : BUY=1 PASS=5
        CRH   : BUY=1 PASS=5
        CTRA  : BUY=1 PASS=5
        DELL  : BUY=1 PASS=5
        DHR   : BUY=1 PASS=5
        ED    : BUY=0 PASS=6
        EIX   : BUY=0 PASS=6
        ETN   : BUY=1 PASS=5
        EW    : BUY=1 PASS=5
        FANG  : BUY=1 PASS=5
        FIX   : BUY=1 PASS=5
        GWW   : BUY=1 PASS=5
        LUV   : BUY=1 PASS=5
        MCK   : BUY=1 PASS=5
        NDAQ  : BUY=1 PASS=5
        NEE   : BUY=1 PASS=5
        NEM   : BUY=1 PASS=5
        NKE   : BUY=1 PASS=5
        NWS   : BUY=1 PASS=5
        PEG   : BUY=1 PASS=5
        PG    : BUY=1 PASS=5
        PGR   : BUY=1 PASS=5
        PLD   : BUY=1 PASS=5
        PRU   : BUY=1 PASS=5
        PTC   : BUY=1 PASS=5
        SATS  : BUY=1 PASS=5
        T     : BUY=1 PASS=5
        TROW  : BUY=1 PASS=5
        TSN   : BUY=1 PASS=5
        TXT   : BUY=0 PASS=6
        TYL   : BUY=1 PASS=5
        UBER  : BUY=1 PASS=5
        USB   : BUY=1 PASS=5
        VMC   : BUY=1 PASS=5
        VST   : BUY=1 PASS=5
        WAT   : BUY=1 PASS=5
        WEC   : BUY=1 PASS=5
        WM    : BUY=1 PASS=5
    [3] Executing...
        49 actions:
          BUY      NFLX   $10 — 1/6 BUY → $10
          BUY      NTAP   $10 — 1/6 BUY → $10
          BUY      NWSA   $10 — 1/6 BUY → $10
          BUY      STZ    $10 — 1/6 BUY → $10
          BUY      ACGL   $10 — 1/6 BUY → $10
          BUY      ADSK   $10 — 1/6 BUY → $10
          BUY      AIG    $10 — 1/6 BUY → $10
          BUY      AMCR   $10 — 1/6 BUY → $10
          BUY      AMT    $10 — 1/6 BUY → $10
          BUY      AVGO   $10 — 1/6 BUY → $10
          BUY      AXP    $10 — 1/6 BUY → $10
          BUY      BR     $10 — 1/6 BUY → $10
          BUY      CARR   $10 — 1/6 BUY → $10
          BUY      COST   $10 — 1/6 BUY → $10
          BUY      CPB    $10 — 1/6 BUY → $10
          BUY      CRH    $10 — 1/6 BUY → $10
          BUY      CTRA   $10 — 1/6 BUY → $10
          BUY      DELL   $10 — 1/6 BUY → $10
          BUY      DHR    $10 — 1/6 BUY → $10
          BUY      ETN    $10 — 1/6 BUY → $10
          BUY      EW     $10 — 1/6 BUY → $10
          BUY      FANG   $10 — 1/6 BUY → $10
          BUY      FIX    $10 — 1/6 BUY → $10
          BUY      GWW    $10 — 1/6 BUY → $10
          BUY      LUV    $10 — 1/6 BUY → $10
          BUY      MCK    $10 — 1/6 BUY → $10
          BUY      NDAQ   $10 — 1/6 BUY → $10
          BUY      NEE    $10 — 1/6 BUY → $10
          BUY      NEM    $10 — 1/6 BUY → $10
          BUY      NKE    $10 — 1/6 BUY → $10
          BUY      NWS    $10 — 1/6 BUY → $10
          BUY      PEG    $10 — 1/6 BUY → $10
          BUY      PG     $10 — 1/6 BUY → $10
          BUY      PGR    $10 — 1/6 BUY → $10
          BUY      PLD    $10 — 1/6 BUY → $10
          BUY      PRU    $10 — 1/6 BUY → $10
          BUY      PTC    $10 — 1/6 BUY → $10
          BUY      SATS   $10 — 1/6 BUY → $10
          BUY      T      $10 — 1/6 BUY → $10
          BUY      TROW   $10 — 1/6 BUY → $10
          BUY      TSN    $10 — 1/6 BUY → $10
          BUY      TYL    $10 — 1/6 BUY → $10
          BUY      UBER   $10 — 1/6 BUY → $10
          BUY      USB    $10 — 1/6 BUY → $10
          BUY      VMC    $10 — 1/6 BUY → $10
          BUY      VST    $10 — 1/6 BUY → $10
          BUY      WAT    $10 — 1/6 BUY → $10
          BUY      WEC    $10 — 1/6 BUY → $10
          BUY      WM     $10 — 1/6 BUY → $10
      EXEC: BUY 0.0594 NFLX @ $168.44 ($10.00)
      EXEC: BUY 0.0594 NTAP @ $168.44 ($10.00)
      EXEC: BUY 0.0594 NWSA @ $168.44 ($10.00)
      EXEC: BUY 0.1619 STZ @ $61.78 ($10.00)
      EXEC: BUY 0.0393 ACGL @ $254.75 ($10.00)
      EXEC: BUY 0.0801 ADSK @ $124.77 ($10.00)
      EXEC: BUY 0.0606 AIG @ $165.00 ($10.00)
      EXEC: BUY 0.0606 AMCR @ $165.00 ($10.00)
      EXEC: BUY 0.0606 AMT @ $165.00 ($10.00)
      EXEC: BUY 0.2576 AVGO @ $38.83 ($10.00)
      EXEC: BUY 0.0606 AXP @ $165.00 ($10.00)
      EXEC: BUY 0.2576 BR @ $38.83 ($10.00)
      EXEC: BUY 0.0676 CARR @ $148.00 ($10.00)
      EXEC: BUY 0.2614 COST @ $38.26 ($10.00)
      EXEC: BUY 0.0741 CPB @ $134.96 ($10.00)
      EXEC: BUY 0.1065 CRH @ $93.91 ($10.00)
      EXEC: BUY 0.1578 CTRA @ $63.37 ($10.00)
      EXEC: BUY 0.1887 DELL @ $53.00 ($10.00)
      EXEC: BUY 0.1065 DHR @ $93.91 ($10.00)
      EXEC: BUY 0.0985 ETN @ $101.53 ($10.00)
      EXEC: BUY 0.0985 EW @ $101.53 ($10.00)
      EXEC: BUY 0.1887 FANG @ $53.00 ($10.00)
      EXEC: BUY 0.2008 FIX @ $49.81 ($10.00)
      EXEC: BUY 0.1081 GWW @ $92.49 ($10.00)
      EXEC: BUY 0.1312 LUV @ $76.21 ($10.00)
      EXEC: BUY 0.1253 MCK @ $79.81 ($10.00)
      EXEC: BUY 0.0594 NDAQ @ $168.44 ($10.00)
      EXEC: BUY 0.0396 NEE @ $252.48 ($10.00)
      EXEC: BUY 0.0594 NEM @ $168.44 ($10.00)
      EXEC: BUY 0.0396 NKE @ $252.48 ($10.00)
      EXEC: BUY 0.0396 NWS @ $252.48 ($10.00)
      EXEC: BUY 0.1195 PEG @ $83.67 ($10.00)
      EXEC: BUY 0.1195 PG @ $83.67 ($10.00)
      EXEC: BUY 0.1195 PGR @ $83.67 ($10.00)
      EXEC: BUY 0.1195 PLD @ $83.67 ($10.00)
      EXEC: BUY 0.1195 PRU @ $83.67 ($10.00)
      EXEC: BUY 0.1195 PTC @ $83.67 ($10.00)
      EXEC: BUY 0.0985 SATS @ $101.53 ($10.00)
      EXEC: BUY 0.0689 T @ $145.14 ($10.00)
      EXEC: BUY 0.0735 TROW @ $136.03 ($10.00)
      EXEC: BUY 0.0625 TSN @ $160.00 ($10.00)
      EXEC: BUY 0.0625 TYL @ $160.00 ($10.00)
      EXEC: BUY 0.0625 UBER @ $160.00 ($10.00)
      EXEC: BUY 0.0625 USB @ $160.00 ($10.00)
      EXEC: BUY 0.1081 VMC @ $92.49 ($10.00)
      EXEC: BUY 0.1081 VST @ $92.49 ($10.00)
      EXEC: BUY 0.0444 WAT @ $225.31 ($10.00)
      EXEC: BUY 0.0444 WEC @ $225.31 ($10.00)
      EXEC: BUY 0.0918 WM @ $108.93 ($10.00)
    [>>] Portfolio: $999.88 (-0.01%)

  DAY 2 (2025-03-11)

  ============================================================
  DAILY PIPELINE — 2025-03-11
  ============================================================
    Watchlist: 58 tickers from 2025-03-07
    [0] Anomaly scan...
        1 anomalies found, evaluating top 1
        MTB: skipped (1/5 yes)
        Today's universe: 58 tickers (0 injected)
        (21s)
    [0.5] Giovanni macro update...
          Regime: risk-off — The index is trading significantly below its 50-day SMA while credit spreads (HY
          (5s)
    [1] Computing indicators...
        CMI: 23 indicators (0s)
        NFLX: 23 indicators (0s)
        NTAP: 23 indicators (0s)
        NWSA: 23 indicators (0s)
        STZ: 23 indicators (0s)
        ACGL: 23 indicators (0s)
        ADP: 23 indicators (0s)
        ADSK: 23 indicators (0s)
        AIG: 23 indicators (0s)
        AMCR: 23 indicators (0s)
        AMT: 23 indicators (0s)
        APTV: 23 indicators (0s)
        ATO: 23 indicators (0s)
        AVGO: 23 indicators (0s)
        AXP: 23 indicators (0s)
        AZO: 23 indicators (0s)
        BR: 23 indicators (0s)
        BRK-B: 23 indicators (0s)
        CARR: 23 indicators (0s)
        COST: 23 indicators (0s)
        CPB: 23 indicators (0s)
        CRH: 23 indicators (0s)
        CTRA: 23 indicators (0s)
        DELL: 23 indicators (0s)
        DHR: 23 indicators (0s)
        ED: 23 indicators (0s)
        EIX: 23 indicators (0s)
        ETN: 23 indicators (0s)
        EW: 23 indicators (0s)
        FANG: 23 indicators (0s)
        FIX: 23 indicators (0s)
        GWW: 23 indicators (0s)
        LUV: 23 indicators (0s)
        MCK: 23 indicators (0s)
        NDAQ: 23 indicators (0s)
        NEE: 23 indicators (0s)
        NEM: 23 indicators (0s)
        NKE: 23 indicators (0s)
        NWS: 23 indicators (0s)
        PEG: 23 indicators (0s)
        PG: 23 indicators (0s)
        PGR: 23 indicators (0s)
        PLD: 23 indicators (0s)
        PRU: 23 indicators (0s)
        PTC: 23 indicators (0s)
        SATS: 23 indicators (0s)
        T: 23 indicators (0s)
        TROW: 23 indicators (0s)
        TSN: 23 indicators (0s)
        TXT: 23 indicators (0s)
        TYL: 23 indicators (0s)
        UBER: 23 indicators (0s)
        USB: 23 indicators (0s)
        VMC: 23 indicators (0s)
        VST: 23 indicators (0s)
        WAT: 23 indicators (0s)
        WEC: 23 indicators (0s)
        WM: 23 indicators (0s)
    [2] Voting...
        CMI   : BUY=0 PASS=6
        NFLX   [HELD]: BUY=1 SELL=1 HOLD=4
        NTAP   [HELD]: BUY=1 SELL=1 HOLD=4
        NWSA   [HELD]: BUY=1 SELL=2 HOLD=3
        STZ    [HELD]: BUY=1 SELL=4 HOLD=1
        ACGL   [HELD]: BUY=1 SELL=1 HOLD=4
        ADP   : BUY=0 PASS=6
        ADSK   [HELD]: BUY=1 SELL=1 HOLD=4
        AIG    [HELD]: BUY=1 SELL=1 HOLD=4
        AMCR   [HELD]: BUY=1 SELL=1 HOLD=4
        AMT    [HELD]: BUY=1 SELL=1 HOLD=4
